<?xml version="1.0" encoding="UTF-8"?>
<!-- Generated by org.testng.reporters.JUnitXMLReporter -->
<testsuite ignored="6" hostname="DESKTOP-RFI93LB" failures="0" tests="1" name="Default test" time="26.534" errors="0" timestamp="2023-01-07T16:22:40 EST">
  <testcase classname="orangeHrmAutomation.tests.OrangeHrmTests" name="myInfoPageTest" time="12.044"/>
  <testcase classname="orangeHrmAutomation.tests.OrangeHrmTests" name="LoginPageTest" time="0.0">
    <ignored/>
  </testcase> <!-- LoginPageTest -->
  <testcase classname="orangeHrmAutomation.tests.OrangeHrmTests" name="adminPageTest" time="0.0">
    <ignored/>
  </testcase> <!-- adminPageTest -->
  <testcase classname="orangeHrmAutomation.tests.OrangeHrmTests" name="PIMPageTest" time="0.0">
    <ignored/>
  </testcase> <!-- PIMPageTest -->
  <testcase classname="orangeHrmAutomation.tests.OrangeHrmTests" name="leavePageTest" time="0.0">
    <ignored/>
  </testcase> <!-- leavePageTest -->
  <testcase classname="orangeHrmAutomation.tests.OrangeHrmTests" name="dodashBoardPageTest" time="0.0">
    <ignored/>
  </testcase> <!-- dodashBoardPageTest -->
  <testcase classname="orangeHrmAutomation.tests.OrangeHrmTests" name="timePageTest" time="0.0">
    <ignored/>
  </testcase> <!-- timePageTest -->
</testsuite> <!-- Default test -->
