<?xml version="1.0" encoding="UTF-8"?>
<testng-results ignored="6" total="7" passed="1" failed="0" skipped="0">
  <reporter-output>
  </reporter-output>
  <suite started-at="2023-01-07T16:22:14 EST" name="Default suite" finished-at="2023-01-07T16:22:40 EST" duration-ms="26534">
    <groups>
    </groups>
    <test started-at="2023-01-07T16:22:14 EST" name="Default test" finished-at="2023-01-07T16:22:40 EST" duration-ms="26534">
      <class name="orangeHrmAutomation.tests.OrangeHrmTests">
        <test-method is-config="true" signature="beforeAllTest()[pri:0, instance:orangeHrmAutomation.tests.OrangeHrmTests@1e178745]" started-at="2023-01-07T16:22:14 EST" name="beforeAllTest" finished-at="2023-01-07T16:22:14 EST" duration-ms="20" status="PASS">
          <reporter-output>
          </reporter-output>
        </test-method> <!-- beforeAllTest -->
        <test-method is-config="true" signature="setUp()[pri:0, instance:orangeHrmAutomation.tests.OrangeHrmTests@1e178745]" started-at="2023-01-07T16:22:14 EST" name="setUp" finished-at="2023-01-07T16:22:23 EST" duration-ms="8965" status="PASS">
          <reporter-output>
          </reporter-output>
        </test-method> <!-- setUp -->
        <test-method signature="myInfoPageTest()[pri:5, instance:orangeHrmAutomation.tests.OrangeHrmTests@1e178745]" started-at="2023-01-07T16:22:23 EST" name="myInfoPageTest" finished-at="2023-01-07T16:22:35 EST" duration-ms="12044" status="PASS">
          <reporter-output>
          </reporter-output>
        </test-method> <!-- myInfoPageTest -->
        <test-method is-config="true" signature="tearDown(org.testng.ITestResult)[pri:0, instance:orangeHrmAutomation.tests.OrangeHrmTests@1e178745]" started-at="2023-01-07T16:22:35 EST" name="tearDown" finished-at="2023-01-07T16:22:40 EST" duration-ms="5429" status="PASS">
          <params>
            <param index="0">
              <value>
                <![CDATA[[TestResult name=myInfoPageTest status=SUCCESS method=OrangeHrmTests.myInfoPageTest()[pri:5, instance:orangeHrmAutomation.tests.OrangeHrmTests@1e178745] output={null}]]]>
              </value>
            </param>
          </params>
          <reporter-output>
          </reporter-output>
        </test-method> <!-- tearDown -->
        <test-method is-config="true" signature="afterAllTest()[pri:0, instance:orangeHrmAutomation.tests.OrangeHrmTests@1e178745]" started-at="2023-01-07T16:22:40 EST" name="afterAllTest" finished-at="2023-01-07T16:22:40 EST" duration-ms="0" status="PASS">
          <reporter-output>
          </reporter-output>
        </test-method> <!-- afterAllTest -->
      </class> <!-- orangeHrmAutomation.tests.OrangeHrmTests -->
    </test> <!-- Default test -->
  </suite> <!-- Default suite -->
</testng-results>
